<?xml version="1.0" encoding="UTF-8"?>
<!-- Generated by org.testng.reporters.JUnitReportReporter -->
<testsuite hostname="UBL-LC-DINESH" failures="0" tests="4" name="api.test.UserTest" time="6.933" errors="0" timestamp="2023-08-10T14:55:55 IST" skipped="0">
  <testcase classname="api.test.UserTest" name="testpostUser" time="3.805"/>
  <testcase classname="api.test.UserTest" name="testgetUser" time="1.099"/>
  <testcase classname="api.test.UserTest" name="testupdateUser" time="1.028"/>
  <testcase classname="api.test.UserTest" name="testdeleteUser" time="1.001"/>
</testsuite> <!-- api.test.UserTest -->
