<?xml version="1.0" encoding="UTF-8"?>
<!-- Generated by org.testng.reporters.JUnitReportReporter -->
<testsuite hostname="UBL-LC-DINESH" failures="0" tests="6" name="api.test.DDTest" time="6.099" errors="0" timestamp="2023-08-10T14:55:55 IST" skipped="0">
  <testcase classname="api.test.DDTest" name="testPostuser" time="1.003"/>
  <testcase classname="api.test.DDTest" name="testPostuser" time="1.037"/>
  <testcase classname="api.test.DDTest" name="testPostuser" time="1.067"/>
  <testcase classname="api.test.DDTest" name="testDeleteUserByName" time="0.994"/>
  <testcase classname="api.test.DDTest" name="testDeleteUserByName" time="1.035"/>
  <testcase classname="api.test.DDTest" name="testDeleteUserByName" time="0.963"/>
</testsuite> <!-- api.test.DDTest -->
