<?xml version="1.0" encoding="UTF-8"?>
<!-- Generated by org.testng.reporters.JUnitReportReporter -->
<testsuite hostname="UBL-LC-DINESH" failures="0" tests="4" name="api.test.UserTest2" time="4.038" errors="0" timestamp="2023-08-10T14:55:55 IST" skipped="0">
  <testcase classname="api.test.UserTest2" name="testpostUser" time="1.020"/>
  <testcase classname="api.test.UserTest2" name="testgetUser" time="1.035"/>
  <testcase classname="api.test.UserTest2" name="testupdateUser" time="0.995"/>
  <testcase classname="api.test.UserTest2" name="testdeleteUser" time="0.988"/>
</testsuite> <!-- api.test.UserTest2 -->
