<?xml version="1.0" encoding="UTF-8"?>
<!-- Generated by org.testng.reporters.JUnitReportReporter -->
<testsuite hostname="UBL-LC-DINESH" failures="0" tests="1" name="day8.GetUser" time="1.174" errors="0" timestamp="2023-08-08T18:54:33 IST" skipped="0">
  <testcase classname="day8.GetUser" name="test_getuser" time="1.174"/>
</testsuite> <!-- day8.GetUser -->
