<?xml version="1.0" encoding="UTF-8"?>
<!-- Generated by org.testng.reporters.JUnitReportReporter -->
<testsuite hostname="UBL-LC-DINESH" failures="0" tests="1" name="day3.PathandQueryParameter" time="67.310" errors="0" timestamp="2023-08-03T12:35:09 IST" skipped="0">
  <testcase classname="day3.PathandQueryParameter" name="pathandqueryparamete" time="67.310"/>
</testsuite> <!-- day3.PathandQueryParameter -->
