<?xml version="1.0" encoding="UTF-8"?>
<!-- Generated by org.testng.reporters.JUnitReportReporter -->
<testsuite hostname="UBL-LC-DINESH" failures="0" tests="2" name="day3.CookiesDemo" time="5.583" errors="0" timestamp="2023-08-03T13:16:59 IST" skipped="0">
  <testcase classname="day3.CookiesDemo" name="testcookies" time="1.342"/>
  <testcase classname="day3.CookiesDemo" name="getcookiesinfo" time="4.241"/>
</testsuite> <!-- day3.CookiesDemo -->
