<?xml version="1.0" encoding="UTF-8"?>
<!-- Generated by org.testng.reporters.JUnitReportReporter -->
<testsuite hostname="UBL-LC-DINESH" failures="0" tests="4" name="day1.HTTPRequests" time="5.588" errors="0" timestamp="2023-08-03T11:01:10 IST" skipped="0">
  <testcase classname="day1.HTTPRequests" name="getlistuser" time="3.290"/>
  <testcase classname="day1.HTTPRequests" name="createuser" time="1.174"/>
  <testcase classname="day1.HTTPRequests" name="updateuser" time="0.577"/>
  <testcase classname="day1.HTTPRequests" name="deleteuser" time="0.547"/>
</testsuite> <!-- day1.HTTPRequests -->
