<?xml version="1.0" encoding="UTF-8"?>
<!-- Generated by org.testng.reporters.JUnitReportReporter -->
<testsuite hostname="UBL-LC-DINESH" failures="0" tests="1" name="day7.Authentication" time="3.083" errors="0" timestamp="2023-08-08T13:15:56 IST" skipped="0">
  <testcase classname="day7.Authentication" name="oauth2Authentication" time="3.083"/>
</testsuite> <!-- day7.Authentication -->
