<?xml version="1.0" encoding="UTF-8"?>
<!-- Generated by org.testng.reporters.JUnitReportReporter -->
<testsuite hostname="UBL-LC-DINESH" failures="0" tests="1" name="day8.CreateUser" time="3.541" errors="0" timestamp="2023-08-08T18:54:34 IST" skipped="0">
  <testcase classname="day8.CreateUser" name="test_createUser" time="3.541"/>
</testsuite> <!-- day8.CreateUser -->
